<?xml version="1.0" encoding="UTF-8"?>
<!-- Generated by org.testng.reporters.JUnitReportReporter -->
<testsuite skipped="0" hostname="DESKTOP-MSVEU0R" name="testngpack.Class1" tests="1" failures="0" timestamp="2022-08-23T20:43:58 IST" time="22.306" errors="0">
  <testcase name="launchGoogle1" time="22.306" classname="testngpack.Class1"/>
  <system-out/>
</testsuite> <!-- testngpack.Class1 -->
