<?xml version="1.0" encoding="UTF-8"?>
<!-- Generated by org.testng.reporters.JUnitReportReporter -->
<testsuite skipped="0" hostname="DESKTOP-MSVEU0R" name="testngpack.Flag8" tests="1" failures="0" timestamp="2022-08-22T17:03:19 IST" time="5.656" errors="0">
  <testcase name="loginActiTime" time="5.656" classname="testngpack.Flag8"/>
  <system-out/>
</testsuite> <!-- testngpack.Flag8 -->
