<?xml version="1.0" encoding="UTF-8"?>
<!-- Generated by org.testng.reporters.JUnitReportReporter -->
<testsuite skipped="0" hostname="DESKTOP-MSVEU0R" name="testngpack.AnnotationsInTestNg" tests="2" failures="0" timestamp="2022-08-23T20:40:31 IST" time="0.090" errors="0">
  <testcase name="f" time="0.061" classname="testngpack.AnnotationsInTestNg"/>
  <system-out>
    <![CDATA[test case 1 executed]]>
  </system-out>
  <testcase name="f1" time="0.029" classname="testngpack.AnnotationsInTestNg"/>
  <system-out>
    <![CDATA[test case 2 executed]]>
  </system-out>
</testsuite> <!-- testngpack.AnnotationsInTestNg -->
