<?xml version="1.0" encoding="UTF-8"?>
<!-- Generated by org.testng.reporters.JUnitReportReporter -->
<testsuite skipped="0" hostname="DESKTOP-MSVEU0R" name="testngpack.Class2" tests="1" failures="0" timestamp="2022-08-23T20:43:58 IST" time="24.530" errors="0">
  <testcase name="loginGoogle1" time="24.530" classname="testngpack.Class2"/>
  <system-out/>
</testsuite> <!-- testngpack.Class2 -->
