<?xml version="1.0" encoding="UTF-8"?>
<!-- Generated by org.testng.reporters.JUnitReportReporter -->
<testsuite skipped="0" hostname="DESKTOP-MSVEU0R" name="testngpack.ActiTime" tests="2" failures="0" timestamp="2022-08-23T17:15:10 IST" time="12.303" errors="0">
  <testcase name="validLogin" time="5.791" classname="testngpack.ActiTime"/>
  <system-out/>
  <testcase name="validLogin" time="6.512" classname="testngpack.ActiTime"/>
  <system-out/>
</testsuite> <!-- testngpack.ActiTime -->
