<?xml version="1.0" encoding="UTF-8"?>
<!-- Generated by org.testng.reporters.JUnitReportReporter -->
<testsuite skipped="0" hostname="DESKTOP-MSVEU0R" name="testngpack.Flag3" tests="9" failures="0" timestamp="2022-08-23T20:40:31 IST" time="0.190" errors="0">
  <testcase name="s" time="0.030" classname="testngpack.Flag3"/>
  <system-out>
    <![CDATA[s method]]>
  </system-out>
  <testcase name="x" time="0.001" classname="testngpack.Flag3"/>
  <system-out>
    <![CDATA[x method]]>
  </system-out>
  <testcase name="f" time="0.019" classname="testngpack.Flag3"/>
  <system-out>
    <![CDATA[f method]]>
  </system-out>
  <testcase name="k" time="0.002" classname="testngpack.Flag3"/>
  <system-out>
    <![CDATA[k method]]>
  </system-out>
  <testcase name="e" time="0.002" classname="testngpack.Flag3"/>
  <system-out>
    <![CDATA[f method]]>
  </system-out>
  <testcase name="z" time="0.001" classname="testngpack.Flag3"/>
  <system-out>
    <![CDATA[z method]]>
  </system-out>
  <testcase name="g" time="0.001" classname="testngpack.Flag3"/>
  <system-out>
    <![CDATA[g method]]>
  </system-out>
  <testcase name="a" time="0.003" classname="testngpack.Flag3"/>
  <system-out>
    <![CDATA[a method]]>
  </system-out>
  <testcase name="v" time="0.131" classname="testngpack.Flag3"/>
  <system-out>
    <![CDATA[v method]]>
  </system-out>
</testsuite> <!-- testngpack.Flag3 -->
