<?xml version="1.0" encoding="UTF-8"?>
<!-- Generated by org.testng.reporters.JUnitReportReporter -->
<testsuite skipped="0" hostname="DESKTOP-MSVEU0R" name="testngpack.Demo" tests="1" failures="0" timestamp="2022-08-23T20:40:31 IST" time="0.033" errors="0">
  <testcase name="a" time="0.033" classname="testngpack.Demo"/>
  <system-out>
    <![CDATA[Hi i am from method a]]>
  </system-out>
</testsuite> <!-- testngpack.Demo -->
