<?xml version="1.0" encoding="UTF-8"?>
<!-- Generated by org.testng.reporters.JUnitReportReporter -->
<testsuite skipped="0" hostname="DESKTOP-MSVEU0R" name="testngpack.Flag4" tests="3" failures="0" timestamp="2022-08-23T20:40:31 IST" time="0.018" errors="0">
  <testcase name="actiTimeLogin" time="0.015" classname="testngpack.Flag4"/>
  <system-out>
    <![CDATA[login succesful]]>
  </system-out>
  <testcase name="actiTimeLogout" time="0.001" classname="testngpack.Flag4"/>
  <system-out>
    <![CDATA[logout succesful]]>
  </system-out>
  <testcase name="actiTimeCreateUser" time="0.002" classname="testngpack.Flag4"/>
  <system-out>
    <![CDATA[Create user]]>
  </system-out>
</testsuite> <!-- testngpack.Flag4 -->
