<?xml version="1.0" encoding="UTF-8"?>
<!-- Generated by org.testng.reporters.JUnitReportReporter -->
<testsuite skipped="0" hostname="DESKTOP-MSVEU0R" name="testngpack.ActiTimeAssertion" tests="1" failures="0" timestamp="2022-08-24T17:11:29 IST" time="10.517" errors="0">
  <testcase name="actiTimeTest" time="10.517" classname="testngpack.ActiTimeAssertion"/>
  <system-out>
    <![CDATA[Login Page Title is verified
username textbox is displayed
password textbox is displayed
loginButton is displayed
home page title is verified
create user
create reports]]>
  </system-out>
</testsuite> <!-- testngpack.ActiTimeAssertion -->
