<?xml version="1.0" encoding="UTF-8"?>
<!-- Generated by org.testng.reporters.JUnitReportReporter -->
<testsuite skipped="0" hostname="DESKTOP-MSVEU0R" name="testngpack.TestMethod1" tests="2" failures="0" timestamp="2022-08-23T21:31:35 IST" time="0.022" errors="0">
  <testcase name="method1" time="0.011" classname="testngpack.TestMethod1"/>
  <system-out>
    <![CDATA[method113]]>
  </system-out>
  <testcase name="method2" time="0.011" classname="testngpack.TestMethod1"/>
  <system-out>
    <![CDATA[method214]]>
  </system-out>
</testsuite> <!-- testngpack.TestMethod1 -->
