<?xml version="1.0" encoding="UTF-8"?>
<!-- Generated by org.testng.reporters.JUnitReportReporter -->
<testsuite skipped="0" hostname="DESKTOP-MSVEU0R" name="testngpack.Annotations" tests="2" failures="0" timestamp="2022-08-23T20:40:31 IST" time="0.010" errors="0">
  <testcase name="test1" time="0.003" classname="testngpack.Annotations"/>
  <system-out>
    <![CDATA[test 1 method]]>
  </system-out>
  <testcase name="test2" time="0.007" classname="testngpack.Annotations"/>
  <system-out>
    <![CDATA[test 2 method]]>
  </system-out>
</testsuite> <!-- testngpack.Annotations -->
