<?xml version="1.0" encoding="UTF-8"?>
<!-- Generated by org.testng.reporters.JUnitReportReporter -->
<testsuite skipped="0" hostname="DESKTOP-MSVEU0R" name="testngpack.Sumo" tests="1" failures="0" timestamp="2022-08-23T20:40:31 IST" time="0.001" errors="0">
  <testcase name="sumoMethod" time="0.001" classname="testngpack.Sumo"/>
  <system-out>
    <![CDATA[sumo method executed]]>
  </system-out>
</testsuite> <!-- testngpack.Sumo -->
