<?xml version="1.0" encoding="UTF-8"?>
<!-- Generated by org.testng.reporters.JUnitReportReporter -->
<testsuite skipped="0" hostname="DESKTOP-MSVEU0R" name="testngpack.Flag7" tests="10" failures="0" timestamp="2022-08-23T20:40:31 IST" time="0.107" errors="0">
  <testcase name="f" time="0.067" classname="testngpack.Flag7"/>
  <system-out>
    <![CDATA[Create and delete user]]>
  </system-out>
  <testcase name="f" time="0.001" classname="testngpack.Flag7"/>
  <system-out>
    <![CDATA[Create and delete user]]>
  </system-out>
  <testcase name="f" time="0.001" classname="testngpack.Flag7"/>
  <system-out>
    <![CDATA[Create and delete user]]>
  </system-out>
  <testcase name="f" time="0.001" classname="testngpack.Flag7"/>
  <system-out>
    <![CDATA[Create and delete user]]>
  </system-out>
  <testcase name="f" time="0.009" classname="testngpack.Flag7"/>
  <system-out>
    <![CDATA[Create and delete user]]>
  </system-out>
  <testcase name="f" time="0.015" classname="testngpack.Flag7"/>
  <system-out>
    <![CDATA[Create and delete user]]>
  </system-out>
  <testcase name="f" time="0.003" classname="testngpack.Flag7"/>
  <system-out>
    <![CDATA[Create and delete user]]>
  </system-out>
  <testcase name="f" time="0.003" classname="testngpack.Flag7"/>
  <system-out>
    <![CDATA[Create and delete user]]>
  </system-out>
  <testcase name="f" time="0.003" classname="testngpack.Flag7"/>
  <system-out>
    <![CDATA[Create and delete user]]>
  </system-out>
  <testcase name="f" time="0.004" classname="testngpack.Flag7"/>
  <system-out>
    <![CDATA[Create and delete user]]>
  </system-out>
</testsuite> <!-- testngpack.Flag7 -->
